<?xml version="1.0" encoding="UTF-8"?>
<!-- Generated by org.testng.reporters.JUnitReportReporter -->
<testsuite hostname="Surve" failures="0" tests="1" name="Tests.ErrorValidationsTest" time="2.263" errors="0" timestamp="2025-01-19T23:12:21 IST" skipped="0">
  <testcase classname="Tests.ErrorValidationsTest" name="submitOrder" time="2.263"/>
</testsuite> <!-- Tests.ErrorValidationsTest -->
