<?xml version="1.0" encoding="UTF-8"?>
<!-- Generated by org.testng.reporters.JUnitReportReporter -->
<testsuite hostname="Surve" failures="0" tests="3" name="Tests.SubmitOrderTest" time="23.241" errors="0" timestamp="2025-01-19T23:12:21 IST" skipped="0">
  <testcase classname="Tests.SubmitOrderTest" name="submitOrder" time="9.424"/>
  <testcase classname="Tests.SubmitOrderTest" name="OrderHistoryTest" time="5.235"/>
  <testcase classname="Tests.SubmitOrderTest" name="submitOrder" time="8.582"/>
</testsuite> <!-- Tests.SubmitOrderTest -->
