<?xml version="1.0" encoding="UTF-8"?>
<!-- Generated by org.testng.reporters.JUnitReportReporter -->
<testsuite hostname="Surve" failures="0" tests="3" name="Tests.SubmitOrderTest" time="27.416" errors="0" timestamp="2025-01-19T23:36:03 IST" skipped="0">
  <testcase classname="Tests.SubmitOrderTest" name="submitOrder" time="13.951"/>
  <testcase classname="Tests.SubmitOrderTest" name="OrderHistoryTest" time="3.732"/>
  <testcase classname="Tests.SubmitOrderTest" name="submitOrder" time="9.733"/>
</testsuite> <!-- Tests.SubmitOrderTest -->
